*** Using Compiler 'V5.06 update 7 (build 960)', folder: 'E:\keil5\ARM\ARMCC\Bin'
Build target '01_freertos_template'
assembling startup_stm32f103xb.s...
compiling gpio.c...
compiling spi.c...
compiling i2c.c...
compiling adc.c...
compiling main.c...
compiling freertos.c...
../Core/Src/freertos.c(156): warning:  #177-D: variable "xSoundTaskHandle"  was declared but never referenced
  	TaskHandle_t xSoundTaskHandle;
../Core/Src/freertos.c(157): warning:  #177-D: variable "ret"  was declared but never referenced
  	BaseType_t ret;
../Core/Src/freertos.c(68): warning:  #177-D: variable "g_pucStackOfLightTask"  was declared but never referenced
  static StackType_t g_pucStackOfLightTask[128];
../Core/Src/freertos.c(69): warning:  #177-D: variable "g_TCBofLightTask"  was declared but never referenced
  static StaticTask_t g_TCBofLightTask;
../Core/Src/freertos.c(70): warning:  #177-D: variable "xLightTaskHandle"  was declared but never referenced
  static TaskHandle_t xLightTaskHandle;
../Core/Src/freertos.c(72): warning:  #177-D: variable "g_pucStackOfColorTask"  was declared but never referenced
  static StackType_t g_pucStackOfColorTask[128];
../Core/Src/freertos.c(73): warning:  #177-D: variable "g_TCBofColorTask"  was declared but never referenced
  static StaticTask_t g_TCBofColorTask;
../Core/Src/freertos.c(74): warning:  #177-D: variable "xColorTaskHandle"  was declared but never referenced
  static TaskHandle_t xColorTaskHandle;
../Core/Src/freertos.c(93): warning:  #177-D: variable "g_Task1Info"  was declared but never referenced
  static struct TaskPrintInfo g_Task1Info = {0, 0, "Task1"};
../Core/Src/freertos.c(95): warning:  #177-D: variable "g_Task3Info"  was declared but never referenced
  static struct TaskPrintInfo g_Task3Info = {0, 6, "Task3"};
../Core/Src/freertos.c: 10 warnings, 0 errors
compiling tim.c...
compiling music.c...
compiling usart.c...
compiling usb.c...
compiling stm32f1xx_it.c...
compiling stm32f1xx_hal_timebase_tim.c...
compiling stm32f1xx_hal_msp.c...
compiling stm32f1xx_hal_gpio_ex.c...
compiling stm32f1xx_hal_adc.c...
compiling stm32f1xx_hal.c...
compiling stm32f1xx_hal_rcc_ex.c...
compiling stm32f1xx_hal_dma.c...
compiling stm32f1xx_hal_gpio.c...
compiling stm32f1xx_hal_adc_ex.c...
compiling stm32f1xx_hal_cortex.c...
compiling stm32f1xx_hal_rcc.c...
compiling stm32f1xx_hal_pwr.c...
compiling stm32f1xx_hal_flash_ex.c...
compiling stm32f1xx_hal_flash.c...
compiling stm32f1xx_hal_exti.c...
compiling stm32f1xx_hal_spi.c...
compiling stm32f1xx_hal_i2c.c...
compiling stm32f1xx_hal_tim.c...
compiling croutine.c...
compiling stm32f1xx_hal_pcd_ex.c...
compiling event_groups.c...
compiling stm32f1xx_hal_tim_ex.c...
compiling stm32f1xx_hal_uart.c...
compiling stm32f1xx_hal_pcd.c...
compiling list.c...
compiling queue.c...
compiling stream_buffer.c...
compiling timers.c...
compiling stm32f1xx_ll_usb.c...
compiling heap_4.c...
compiling tasks.c...
compiling system_stm32f1xx.c...
compiling port.c...
compiling cmsis_os2.c...
compiling driver_lcd.c...
compiling driver_led.c...
compiling driver_mpu6050.c...
compiling driver_timer.c...
compiling driver_oled.c...
..\Drivers\DshanMCU-F103\driver_oled.c(156): warning:  #177-D: function "OLED_WriteData"  was declared but never referenced
  static int OLED_WriteData(uint8_t data)
..\Drivers\DshanMCU-F103\driver_oled.c(204): warning:  #177-D: function "OLED_H_Scroll"  was declared but never referenced
  static void OLED_H_Scroll(H_SCROLL_DIR dir, uint8_t start, uint8_t fr_time, uint8_t end)
..\Drivers\DshanMCU-F103\driver_oled.c(228): warning:  #177-D: function "OLED_HV_Scroll"  was declared but never referenced
  static void OLED_HV_Scroll(HV_SCROLL_DIR dir, uint8_t start, uint8_t fr_time, uint8_t end, uint8_t offset)
..\Drivers\DshanMCU-F103\driver_oled.c(248): warning:  #177-D: function "OLED_SetVScrollArea"  was declared but never referenced
  static void OLED_SetVScrollArea(uint8_t area, uint8_t row_num)
..\Drivers\DshanMCU-F103\driver_oled.c(297): warning:  #177-D: function "OLED_SetColAddr_HV"  was declared but never referenced
  static void OLED_SetColAddr_HV(uint8_t start, uint8_t end)
..\Drivers\DshanMCU-F103\driver_oled.c(314): warning:  #177-D: function "OLED_SetPageAddr_HV"  was declared but never referenced
  static void OLED_SetPageAddr_HV(uint8_t start, uint8_t end)
..\Drivers\DshanMCU-F103\driver_oled.c(420): warning:  #177-D: function "OLED_SetPreChargePeriod"  was declared but never referenced
  static void OLED_SetPreChargePeriod(uint8_t phase1, uint8_t phase2)
..\Drivers\DshanMCU-F103\driver_oled.c(434): warning:  #177-D: function "OLED_SetVcomhLevel"  was declared but never referenced
  static void OLED_SetVcomhLevel(VCOMH_LEVEL level)
..\Drivers\DshanMCU-F103\driver_oled.c: 8 warnings, 0 errors
compiling driver_ds18b20.c...
compiling driver_dht11.c...
compiling driver_active_buzzer.c...
compiling driver_ir_sender.c...
compiling driver_ir_receiver.c...
compiling driver_color_led.c...
compiling driver_passive_buzzer.c...
compiling driver_ir_obstacle.c...
compiling driver_light_sensor.c...
compiling driver_ultrasonic_sr04.c...
compiling driver_spiflash_w25q64.c...
compiling driver_irq.c...
compiling driver_rotary_encoder.c...
compiling driver_key.c...
compiling driver_uart.c...
..\Drivers\DshanMCU-F103\driver_uart.c(106): warning:  #2748-D: null argument provided for parameter marked with attribute "nonnull"
          c = fgetc(NULL);
..\Drivers\DshanMCU-F103\driver_uart.c: 1 warning, 0 errors
compiling driver_motor.c...
linking...
Program Size: Code=17836 RO-data=2360 RW-data=240 ZI-data=9384  
FromELF: creating hex file...
"01_freertos_template\01_freertos_template.axf" - 0 Error(s), 19 Warning(s).
Build Time Elapsed:  00:00:15
